<?xml version="1.0" encoding="UTF-8"?>
<!-- Generated by org.testng.reporters.JUnitReportReporter -->
<testsuite skipped="0" hostname="W1571794" name="SignInTest" tests="1" failures="0" timestamp="13 Jun 2019 16:07:48 GMT" time="34.036" errors="0">
  <testcase name="shouldThrowAnErrorIfSignInDetailsAreMissing" time="34.036" classname="SignInTest"/>
</testsuite> <!-- SignInTest -->
