<?xml version="1.0" encoding="UTF-8"?>
<!-- Generated by org.testng.reporters.JUnitReportReporter -->
<testsuite skipped="0" hostname="W1571794" name="codingRound.PageObjectImpl.signInTest" tests="1" failures="0" timestamp="13 Jun 2019 17:10:57 GMT" time="43.959" errors="0">
  <testcase name="signIn" time="43.959" classname="codingRound.PageObjectImpl.signInTest"/>
</testsuite> <!-- codingRound.PageObjectImpl.signInTest -->
