<?xml version="1.0" encoding="UTF-8"?>
<!-- Generated by org.testng.reporters.JUnitReportReporter -->
<testsuite skipped="0" hostname="W1571794" name="codingRound.PageObjectImpl.flightBookingTest" tests="1" failures="0" timestamp="13 Jun 2019 15:53:51 GMT" time="38.888" errors="0">
  <testcase name="getFlightSchedules" time="38.888" classname="codingRound.PageObjectImpl.flightBookingTest"/>
</testsuite> <!-- codingRound.PageObjectImpl.flightBookingTest -->
