<?xml version="1.0" encoding="UTF-8"?>
<!-- Generated by org.testng.reporters.JUnitReportReporter -->
<testsuite skipped="0" hostname="W1571794" name="codingRound.PageObjectImpl.hotelBookingTest" tests="1" failures="0" timestamp="13 Jun 2019 06:49:25 GMT" time="34.018" errors="0">
  <testcase name="searchHotel" time="34.018" classname="codingRound.PageObjectImpl.hotelBookingTest"/>
</testsuite> <!-- codingRound.PageObjectImpl.hotelBookingTest -->
