<?xml version="1.0" encoding="UTF-8"?>
<!-- Generated by org.testng.reporters.JUnitReportReporter -->
<testsuite skipped="0" hostname="W1571794" name="codingRound.PageObjectImpl.flightBookingTest" tests="1" failures="0" timestamp="14 Jun 2019 10:36:10 GMT" time="37.864" errors="0">
  <testcase name="getFlightSchedules" time="37.864" classname="codingRound.PageObjectImpl.flightBookingTest"/>
</testsuite> <!-- codingRound.PageObjectImpl.flightBookingTest -->
