<?xml version="1.0" encoding="UTF-8"?>
<!-- Generated by org.testng.reporters.JUnitReportReporter -->
<testsuite skipped="0" hostname="W1571794" name="codingRound.PageObjectImpl.hotelBookingTest" tests="1" failures="0" timestamp="14 Jun 2019 10:36:10 GMT" time="28.089" errors="0">
  <testcase name="searchHotel" time="28.089" classname="codingRound.PageObjectImpl.hotelBookingTest"/>
</testsuite> <!-- codingRound.PageObjectImpl.hotelBookingTest -->
