<?xml version="1.0" encoding="UTF-8"?>
<!-- Generated by org.testng.reporters.JUnitReportReporter -->
<testsuite skipped="0" hostname="W1571794" name="codingRound.PageObjectImpl.signInTest" tests="1" failures="0" timestamp="14 Jun 2019 10:36:10 GMT" time="30.084" errors="0">
  <testcase name="signIn" time="30.084" classname="codingRound.PageObjectImpl.signInTest"/>
</testsuite> <!-- codingRound.PageObjectImpl.signInTest -->
